-------------------------------------------------------------------------------
Test set: com.example.productservice.ProductServiceApplicationTests
-------------------------------------------------------------------------------
Tests run: 1, Failures: 0, Errors: 1, Skipped: 0, Time elapsed: 0.539 s <<< FAILURE! - in com.example.productservice.ProductServiceApplicationTests
com.example.productservice.ProductServiceApplicationTests  Time elapsed: 0.538 s  <<< ERROR!
java.lang.ExceptionInInitializerError
	at com.example.productservice.ProductServiceApplicationTests.<clinit>(ProductServiceApplicationTests.java:42)

